<?xml version="1.0" encoding="UTF-8"?>
<!-- Generated by org.testng.reporters.JUnitXMLReporter -->
<testsuite ignored="0" hostname="DESKTOP-NQO6M38" failures="0" tests="4" name="Default test" time="11.844" errors="0" timestamp="2024-08-05T00:13:01 IST">
  <testcase classname="api.test.UserTest2" name="createUser" time="5.228"/>
  <testcase classname="api.test.UserTest2" name="getUser" time="1.567"/>
  <testcase classname="api.test.UserTest2" name="updateUser" time="3.156"/>
  <testcase classname="api.test.UserTest2" name="deleteUser" time="1.527"/>
</testsuite> <!-- Default test -->
