<?xml version="1.0" encoding="UTF-8"?>
<!-- Generated by org.testng.reporters.JUnitXMLReporter -->
<testsuite ignored="0" hostname="DESKTOP-NQO6M38" failures="0" tests="18" name="Test" time="36.119" errors="0" timestamp="2024-08-05T00:19:00 IST">
  <testcase classname="api.test.UserTest" name="createUser" time="4.442"/>
  <testcase classname="api.test.UserTest" name="getUser" time="1.596"/>
  <testcase classname="api.test.UserTest" name="updateUser" time="2.989"/>
  <testcase classname="api.test.UserTest" name="deleteUser" time="1.426"/>
  <testcase classname="api.test.UserTest2" name="createUser" time="1.586"/>
  <testcase classname="api.test.UserTest2" name="getUser" time="1.632"/>
  <testcase classname="api.test.UserTest2" name="updateUser" time="2.961"/>
  <testcase classname="api.test.UserTest2" name="deleteUser" time="1.531"/>
  <testcase classname="api.test.DDTests" name="createUsers" time="1.462"/>
  <testcase classname="api.test.DDTests" name="createUsers" time="1.529"/>
  <testcase classname="api.test.DDTests" name="createUsers" time="1.533"/>
  <testcase classname="api.test.DDTests" name="createUsers" time="1.531"/>
  <testcase classname="api.test.DDTests" name="createUsers" time="1.531"/>
  <testcase classname="api.test.DDTests" name="deleteUsers" time="1.509"/>
  <testcase classname="api.test.DDTests" name="deleteUsers" time="1.532"/>
  <testcase classname="api.test.DDTests" name="deleteUsers" time="1.528"/>
  <testcase classname="api.test.DDTests" name="deleteUsers" time="1.539"/>
  <testcase classname="api.test.DDTests" name="deleteUsers" time="1.427"/>
</testsuite> <!-- Test -->
