<?xml version="1.0" encoding="UTF-8"?>
<!-- Generated by org.testng.reporters.JUnitXMLReporter -->
<testsuite ignored="0" hostname="DESKTOP-NQO6M38" failures="0" tests="18" name="Test" time="28.148" errors="0" timestamp="2024-08-05T01:00:26 IST">
  <testcase classname="api.test.UserTest" name="createUser" time="3.745"/>
  <testcase classname="api.test.UserTest" name="getUser" time="1.317"/>
  <testcase classname="api.test.UserTest" name="updateUser" time="2.251"/>
  <testcase classname="api.test.UserTest" name="deleteUser" time="1.186"/>
  <testcase classname="api.test.UserTest2" name="createUser" time="1.199"/>
  <testcase classname="api.test.UserTest2" name="getUser" time="1.141"/>
  <testcase classname="api.test.UserTest2" name="updateUser" time="2.339"/>
  <testcase classname="api.test.UserTest2" name="deleteUser" time="1.184"/>
  <testcase classname="api.test.DDTests" name="createUsers" time="1.133"/>
  <testcase classname="api.test.DDTests" name="createUsers" time="1.134"/>
  <testcase classname="api.test.DDTests" name="createUsers" time="1.156"/>
  <testcase classname="api.test.DDTests" name="createUsers" time="1.107"/>
  <testcase classname="api.test.DDTests" name="createUsers" time="1.196"/>
  <testcase classname="api.test.DDTests" name="deleteUsers" time="1.121"/>
  <testcase classname="api.test.DDTests" name="deleteUsers" time="1.185"/>
  <testcase classname="api.test.DDTests" name="deleteUsers" time="1.118"/>
  <testcase classname="api.test.DDTests" name="deleteUsers" time="1.112"/>
  <testcase classname="api.test.DDTests" name="deleteUsers" time="1.151"/>
</testsuite> <!-- Test -->
