<?xml version="1.0" encoding="UTF-8"?>
<!-- Generated by org.testng.reporters.JUnitXMLReporter -->
<testsuite ignored="0" hostname="DESKTOP-NQO6M38" failures="0" tests="18" name="Test" time="27.961" errors="0" timestamp="2024-08-05T01:06:49 IST">
  <testcase classname="api.test.UserTest" name="createUser" time="3.612"/>
  <testcase classname="api.test.UserTest" name="getUser" time="1.296"/>
  <testcase classname="api.test.UserTest" name="updateUser" time="2.296"/>
  <testcase classname="api.test.UserTest" name="deleteUser" time="1.101"/>
  <testcase classname="api.test.UserTest2" name="createUser" time="1.147"/>
  <testcase classname="api.test.UserTest2" name="getUser" time="1.326"/>
  <testcase classname="api.test.UserTest2" name="updateUser" time="2.357"/>
  <testcase classname="api.test.UserTest2" name="deleteUser" time="1.151"/>
  <testcase classname="api.test.DDTests" name="createUsers" time="1.146"/>
  <testcase classname="api.test.DDTests" name="createUsers" time="1.159"/>
  <testcase classname="api.test.DDTests" name="createUsers" time="1.111"/>
  <testcase classname="api.test.DDTests" name="createUsers" time="1.145"/>
  <testcase classname="api.test.DDTests" name="createUsers" time="1.166"/>
  <testcase classname="api.test.DDTests" name="deleteUsers" time="1.08"/>
  <testcase classname="api.test.DDTests" name="deleteUsers" time="1.102"/>
  <testcase classname="api.test.DDTests" name="deleteUsers" time="1.135"/>
  <testcase classname="api.test.DDTests" name="deleteUsers" time="1.063"/>
  <testcase classname="api.test.DDTests" name="deleteUsers" time="1.145"/>
</testsuite> <!-- Test -->
