<?xml version="1.0" encoding="UTF-8"?>
<testsuite xmlns:xsi="http://www.w3.org/2001/XMLSchema-instance" xsi:noNamespaceSchemaLocation="https://maven.apache.org/surefire/maven-surefire-plugin/xsd/surefire-test-report.xsd" version="3.0.2" name="TestSuite" time="29.172" tests="18" errors="0" skipped="0" failures="0">
  <properties>
[...]
</properties>
  <testcase name="createUser" classname="api.test.UserTest" time="3.747">
    <system-out><![CDATA[HTTP/1.1 200 OK
Date: Sun, 04 Aug 2024 19:30:01 GMT
Content-Type: application/json
Transfer-Encoding: chunked
Connection: keep-alive
Access-Control-Allow-Origin: *
Access-Control-Allow-Methods: GET, POST, DELETE, PUT
Access-Control-Allow-Headers: Content-Type, api_key, Authorization
Server: Jetty(9.2.9.v20150224)

{
    "code": 200,
    "type": "unknown",
    "message": "1486726131"
}
]]></system-out>
    <system-err><![CDATA[SLF4J(W): No SLF4J providers were found.
SLF4J(W): Defaulting to no-operation (NOP) logger implementation
SLF4J(W): See https://www.slf4j.org/codes.html#noProviders for further details.
]]></system-err>
  </testcase>
  <testcase name="getUser" classname="api.test.UserTest" time="1.321">
    <system-out><![CDATA[HTTP/1.1 404 Not Found
Date: Sun, 04 Aug 2024 19:30:03 GMT
Content-Type: application/xml
Content-Length: 181
Connection: keep-alive
Access-Control-Allow-Origin: *
Access-Control-Allow-Methods: GET, POST, DELETE, PUT
Access-Control-Allow-Headers: Content-Type, api_key, Authorization
Server: Jetty(9.2.9.v20150224)

<apiResponse>
  <message>null for uri: http://petstore.swagger.io/v2/user%2Broy.block</message>
  <type>unknown</type>
</apiResponse>
]]></system-out>
  </testcase>
  <testcase name="updateUser" classname="api.test.UserTest" time="2.251">
    <system-out><![CDATA[HTTP/1.1 404 Not Found
Date: Sun, 04 Aug 2024 19:30:04 GMT
Content-Type: application/json
Transfer-Encoding: chunked
Connection: keep-alive
Access-Control-Allow-Origin: *
Access-Control-Allow-Methods: GET, POST, DELETE, PUT
Access-Control-Allow-Headers: Content-Type, api_key, Authorization
Server: Jetty(9.2.9.v20150224)

{
    "code": 404,
    "type": "unknown",
    "message": "null for uri: http://petstore.swagger.io/v2/user%2Broy.block"
}
]]></system-out>
  </testcase>
  <testcase name="deleteUser" classname="api.test.UserTest" time="1.183"/>
  <testcase name="createUser" classname="api.test.UserTest2" time="1.212">
    <system-out><![CDATA[HTTP/1.1 200 OK
Date: Sun, 04 Aug 2024 19:30:07 GMT
Content-Type: application/json
Transfer-Encoding: chunked
Connection: keep-alive
Access-Control-Allow-Origin: *
Access-Control-Allow-Methods: GET, POST, DELETE, PUT
Access-Control-Allow-Headers: Content-Type, api_key, Authorization
Server: Jetty(9.2.9.v20150224)

{
    "code": 200,
    "type": "unknown",
    "message": "56804492"
}
]]></system-out>
  </testcase>
  <testcase name="getUser" classname="api.test.UserTest2" time="1.129">
    <system-out><![CDATA[HTTP/1.1 200 OK
Date: Sun, 04 Aug 2024 19:30:09 GMT
Content-Type: application/json
Transfer-Encoding: chunked
Connection: keep-alive
Access-Control-Allow-Origin: *
Access-Control-Allow-Methods: GET, POST, DELETE, PUT
Access-Control-Allow-Headers: Content-Type, api_key, Authorization
Server: Jetty(9.2.9.v20150224)

{
    "id": 56804492,
    "username": "sharell.mraz",
    "email": "minerva.terry@yahoo.com",
    "password": "wnffh861c7ox0qd",
    "phone": "(257) 084-7586",
    "userStatus": 0
}
]]></system-out>
  </testcase>
  <testcase name="updateUser" classname="api.test.UserTest2" time="2.337">
    <system-out><![CDATA[HTTP/1.1 200 OK
Date: Sun, 04 Aug 2024 19:30:10 GMT
Content-Type: application/json
Transfer-Encoding: chunked
Connection: keep-alive
Access-Control-Allow-Origin: *
Access-Control-Allow-Methods: GET, POST, DELETE, PUT
Access-Control-Allow-Headers: Content-Type, api_key, Authorization
Server: Jetty(9.2.9.v20150224)

{
    "code": 200,
    "type": "unknown",
    "message": "56804492"
}
]]></system-out>
  </testcase>
  <testcase name="deleteUser" classname="api.test.UserTest2" time="1.181"/>
  <testcase name="createUsers[111, siva, siva, siva, siva@gmail.com, 123, 12345](1)" classname="api.test.DDTests" time="1.144">
    <system-out><![CDATA[HTTP/1.1 200 OK
Date: Sun, 04 Aug 2024 19:30:15 GMT
Content-Type: application/json
Transfer-Encoding: chunked
Connection: keep-alive
Access-Control-Allow-Origin: *
Access-Control-Allow-Methods: GET, POST, DELETE, PUT
Access-Control-Allow-Headers: Content-Type, api_key, Authorization
Server: Jetty(9.2.9.v20150224)

{
    "code": 200,
    "type": "unknown",
    "message": "111"
}
]]></system-out>
  </testcase>
  <testcase name="createUsers[222, krishna, krishna, krishna, krishna@gmail.com, 123, 12345](2)" classname="api.test.DDTests" time="1.128">
    <system-out><![CDATA[HTTP/1.1 200 OK
Date: Sun, 04 Aug 2024 19:30:16 GMT
Content-Type: application/json
Transfer-Encoding: chunked
Connection: keep-alive
Access-Control-Allow-Origin: *
Access-Control-Allow-Methods: GET, POST, DELETE, PUT
Access-Control-Allow-Headers: Content-Type, api_key, Authorization
Server: Jetty(9.2.9.v20150224)

{
    "code": 200,
    "type": "unknown",
    "message": "222"
}
]]></system-out>
  </testcase>
  <testcase name="createUsers[333, ram, ram, ram, ram@gmail.com, 123, 12345](3)" classname="api.test.DDTests" time="1.175">
    <system-out><![CDATA[HTTP/1.1 200 OK
Date: Sun, 04 Aug 2024 19:30:17 GMT
Content-Type: application/json
Transfer-Encoding: chunked
Connection: keep-alive
Access-Control-Allow-Origin: *
Access-Control-Allow-Methods: GET, POST, DELETE, PUT
Access-Control-Allow-Headers: Content-Type, api_key, Authorization
Server: Jetty(9.2.9.v20150224)

{
    "code": 200,
    "type": "unknown",
    "message": "333"
}
]]></system-out>
  </testcase>
  <testcase name="createUsers[444, surya, surya, surya, surya@gmail.com, 123, 12345](4)" classname="api.test.DDTests" time="1.088">
    <system-out><![CDATA[HTTP/1.1 200 OK
Date: Sun, 04 Aug 2024 19:30:18 GMT
Content-Type: application/json
Transfer-Encoding: chunked
Connection: keep-alive
Access-Control-Allow-Origin: *
Access-Control-Allow-Methods: GET, POST, DELETE, PUT
Access-Control-Allow-Headers: Content-Type, api_key, Authorization
Server: Jetty(9.2.9.v20150224)

{
    "code": 200,
    "type": "unknown",
    "message": "444"
}
]]></system-out>
  </testcase>
  <testcase name="createUsers[555, raj, raj, raj, raj@gmail.com, 123, 12345](5)" classname="api.test.DDTests" time="1.199">
    <system-out><![CDATA[HTTP/1.1 200 OK
Date: Sun, 04 Aug 2024 19:30:19 GMT
Content-Type: application/json
Transfer-Encoding: chunked
Connection: keep-alive
Access-Control-Allow-Origin: *
Access-Control-Allow-Methods: GET, POST, DELETE, PUT
Access-Control-Allow-Headers: Content-Type, api_key, Authorization
Server: Jetty(9.2.9.v20150224)

{
    "code": 200,
    "type": "unknown",
    "message": "555"
}
]]></system-out>
  </testcase>
  <testcase name="deleteUsers[siva](1)" classname="api.test.DDTests" time="1.121"/>
  <testcase name="deleteUsers[krishna](2)" classname="api.test.DDTests" time="1.185"/>
  <testcase name="deleteUsers[ram](3)" classname="api.test.DDTests" time="1.118"/>
  <testcase name="deleteUsers[surya](4)" classname="api.test.DDTests" time="1.112"/>
  <testcase name="deleteUsers[raj](5)" classname="api.test.DDTests" time="1.151"/>
</testsuite>