<?xml version="1.0" encoding="UTF-8"?>
<testng-results ignored="0" total="18" passed="18" failed="0" skipped="0">
  <reporter-output>
  </reporter-output>
  <suite started-at="2024-08-05T00:59:57 IST" name="Suite" finished-at="2024-08-05T01:00:25 IST" duration-ms="28148">
    <groups>
    </groups>
    <test started-at="2024-08-05T00:59:57 IST" name="Test" finished-at="2024-08-05T01:00:25 IST" duration-ms="28148">
      <class name="api.test.UserTest">
        <test-method is-config="true" signature="setup()[pri:0, instance:api.test.UserTest@661972b0]" started-at="2024-08-05T00:59:57 IST" name="setup" finished-at="2024-08-05T00:59:58 IST" duration-ms="220" status="PASS">
          <reporter-output>
          </reporter-output>
        </test-method> <!-- setup -->
        <test-method signature="createUser()[pri:1, instance:api.test.UserTest@661972b0]" started-at="2024-08-05T00:59:58 IST" name="createUser" finished-at="2024-08-05T01:00:01 IST" duration-ms="3745" status="PASS">
          <reporter-output>
          </reporter-output>
        </test-method> <!-- createUser -->
        <test-method signature="getUser()[pri:2, instance:api.test.UserTest@661972b0]" started-at="2024-08-05T01:00:01 IST" name="getUser" finished-at="2024-08-05T01:00:03 IST" duration-ms="1317" status="PASS">
          <reporter-output>
          </reporter-output>
        </test-method> <!-- getUser -->
        <test-method signature="updateUser()[pri:3, instance:api.test.UserTest@661972b0]" started-at="2024-08-05T01:00:03 IST" name="updateUser" finished-at="2024-08-05T01:00:05 IST" duration-ms="2251" status="PASS">
          <reporter-output>
          </reporter-output>
        </test-method> <!-- updateUser -->
        <test-method signature="deleteUser()[pri:4, instance:api.test.UserTest@661972b0]" started-at="2024-08-05T01:00:05 IST" name="deleteUser" finished-at="2024-08-05T01:00:06 IST" duration-ms="1186" status="PASS">
          <reporter-output>
          </reporter-output>
        </test-method> <!-- deleteUser -->
      </class> <!-- api.test.UserTest -->
      <class name="api.test.UserTest2">
        <test-method is-config="true" signature="setup()[pri:0, instance:api.test.UserTest2@4f18837a]" started-at="2024-08-05T01:00:06 IST" name="setup" finished-at="2024-08-05T01:00:06 IST" duration-ms="108" status="PASS">
          <reporter-output>
          </reporter-output>
        </test-method> <!-- setup -->
        <test-method signature="createUser()[pri:1, instance:api.test.UserTest2@4f18837a]" started-at="2024-08-05T01:00:06 IST" name="createUser" finished-at="2024-08-05T01:00:07 IST" duration-ms="1199" status="PASS">
          <reporter-output>
          </reporter-output>
        </test-method> <!-- createUser -->
        <test-method signature="getUser()[pri:2, instance:api.test.UserTest2@4f18837a]" started-at="2024-08-05T01:00:07 IST" name="getUser" finished-at="2024-08-05T01:00:09 IST" duration-ms="1141" status="PASS">
          <reporter-output>
          </reporter-output>
        </test-method> <!-- getUser -->
        <test-method signature="updateUser()[pri:3, instance:api.test.UserTest2@4f18837a]" started-at="2024-08-05T01:00:09 IST" name="updateUser" finished-at="2024-08-05T01:00:11 IST" duration-ms="2339" status="PASS">
          <reporter-output>
          </reporter-output>
        </test-method> <!-- updateUser -->
        <test-method signature="deleteUser()[pri:4, instance:api.test.UserTest2@4f18837a]" started-at="2024-08-05T01:00:11 IST" name="deleteUser" finished-at="2024-08-05T01:00:12 IST" duration-ms="1184" status="PASS">
          <reporter-output>
          </reporter-output>
        </test-method> <!-- deleteUser -->
      </class> <!-- api.test.UserTest2 -->
      <class name="api.test.DDTests">
        <test-method signature="createUsers(java.lang.String,java.lang.String,java.lang.String,java.lang.String,java.lang.String,java.lang.String,java.lang.String)[pri:1, instance:api.test.DDTests@359f7cdf]" started-at="2024-08-05T01:00:14 IST" name="createUsers" data-provider="Data" finished-at="2024-08-05T01:00:15 IST" duration-ms="1133" status="PASS">
          <params>
            <param index="0">
              <value>
                <![CDATA[111]]>
              </value>
            </param>
            <param index="1">
              <value>
                <![CDATA[siva]]>
              </value>
            </param>
            <param index="2">
              <value>
                <![CDATA[siva]]>
              </value>
            </param>
            <param index="3">
              <value>
                <![CDATA[siva]]>
              </value>
            </param>
            <param index="4">
              <value>
                <![CDATA[siva@gmail.com]]>
              </value>
            </param>
            <param index="5">
              <value>
                <![CDATA[123]]>
              </value>
            </param>
            <param index="6">
              <value>
                <![CDATA[12345]]>
              </value>
            </param>
          </params>
          <reporter-output>
          </reporter-output>
        </test-method> <!-- createUsers -->
        <test-method signature="createUsers(java.lang.String,java.lang.String,java.lang.String,java.lang.String,java.lang.String,java.lang.String,java.lang.String)[pri:1, instance:api.test.DDTests@359f7cdf]" started-at="2024-08-05T01:00:15 IST" name="createUsers" data-provider="Data" finished-at="2024-08-05T01:00:16 IST" duration-ms="1134" status="PASS">
          <params>
            <param index="0">
              <value>
                <![CDATA[222]]>
              </value>
            </param>
            <param index="1">
              <value>
                <![CDATA[krishna]]>
              </value>
            </param>
            <param index="2">
              <value>
                <![CDATA[krishna]]>
              </value>
            </param>
            <param index="3">
              <value>
                <![CDATA[krishna]]>
              </value>
            </param>
            <param index="4">
              <value>
                <![CDATA[krishna@gmail.com]]>
              </value>
            </param>
            <param index="5">
              <value>
                <![CDATA[123]]>
              </value>
            </param>
            <param index="6">
              <value>
                <![CDATA[12345]]>
              </value>
            </param>
          </params>
          <reporter-output>
          </reporter-output>
        </test-method> <!-- createUsers -->
        <test-method signature="createUsers(java.lang.String,java.lang.String,java.lang.String,java.lang.String,java.lang.String,java.lang.String,java.lang.String)[pri:1, instance:api.test.DDTests@359f7cdf]" started-at="2024-08-05T01:00:16 IST" name="createUsers" data-provider="Data" finished-at="2024-08-05T01:00:17 IST" duration-ms="1156" status="PASS">
          <params>
            <param index="0">
              <value>
                <![CDATA[333]]>
              </value>
            </param>
            <param index="1">
              <value>
                <![CDATA[ram]]>
              </value>
            </param>
            <param index="2">
              <value>
                <![CDATA[ram]]>
              </value>
            </param>
            <param index="3">
              <value>
                <![CDATA[ram]]>
              </value>
            </param>
            <param index="4">
              <value>
                <![CDATA[ram@gmail.com]]>
              </value>
            </param>
            <param index="5">
              <value>
                <![CDATA[123]]>
              </value>
            </param>
            <param index="6">
              <value>
                <![CDATA[12345]]>
              </value>
            </param>
          </params>
          <reporter-output>
          </reporter-output>
        </test-method> <!-- createUsers -->
        <test-method signature="createUsers(java.lang.String,java.lang.String,java.lang.String,java.lang.String,java.lang.String,java.lang.String,java.lang.String)[pri:1, instance:api.test.DDTests@359f7cdf]" started-at="2024-08-05T01:00:17 IST" name="createUsers" data-provider="Data" finished-at="2024-08-05T01:00:18 IST" duration-ms="1107" status="PASS">
          <params>
            <param index="0">
              <value>
                <![CDATA[444]]>
              </value>
            </param>
            <param index="1">
              <value>
                <![CDATA[surya]]>
              </value>
            </param>
            <param index="2">
              <value>
                <![CDATA[surya]]>
              </value>
            </param>
            <param index="3">
              <value>
                <![CDATA[surya]]>
              </value>
            </param>
            <param index="4">
              <value>
                <![CDATA[surya@gmail.com]]>
              </value>
            </param>
            <param index="5">
              <value>
                <![CDATA[123]]>
              </value>
            </param>
            <param index="6">
              <value>
                <![CDATA[12345]]>
              </value>
            </param>
          </params>
          <reporter-output>
          </reporter-output>
        </test-method> <!-- createUsers -->
        <test-method signature="createUsers(java.lang.String,java.lang.String,java.lang.String,java.lang.String,java.lang.String,java.lang.String,java.lang.String)[pri:1, instance:api.test.DDTests@359f7cdf]" started-at="2024-08-05T01:00:18 IST" name="createUsers" data-provider="Data" finished-at="2024-08-05T01:00:19 IST" duration-ms="1196" status="PASS">
          <params>
            <param index="0">
              <value>
                <![CDATA[555]]>
              </value>
            </param>
            <param index="1">
              <value>
                <![CDATA[raj]]>
              </value>
            </param>
            <param index="2">
              <value>
                <![CDATA[raj]]>
              </value>
            </param>
            <param index="3">
              <value>
                <![CDATA[raj]]>
              </value>
            </param>
            <param index="4">
              <value>
                <![CDATA[raj@gmail.com]]>
              </value>
            </param>
            <param index="5">
              <value>
                <![CDATA[123]]>
              </value>
            </param>
            <param index="6">
              <value>
                <![CDATA[12345]]>
              </value>
            </param>
          </params>
          <reporter-output>
          </reporter-output>
        </test-method> <!-- createUsers -->
        <test-method signature="deleteUsers(java.lang.String)[pri:2, instance:api.test.DDTests@359f7cdf]" started-at="2024-08-05T01:00:20 IST" name="deleteUsers" data-provider="UserNames" finished-at="2024-08-05T01:00:21 IST" duration-ms="1121" status="PASS">
          <params>
            <param index="0">
              <value>
                <![CDATA[siva]]>
              </value>
            </param>
          </params>
          <reporter-output>
          </reporter-output>
        </test-method> <!-- deleteUsers -->
        <test-method signature="deleteUsers(java.lang.String)[pri:2, instance:api.test.DDTests@359f7cdf]" started-at="2024-08-05T01:00:21 IST" name="deleteUsers" data-provider="UserNames" finished-at="2024-08-05T01:00:22 IST" duration-ms="1185" status="PASS">
          <params>
            <param index="0">
              <value>
                <![CDATA[krishna]]>
              </value>
            </param>
          </params>
          <reporter-output>
          </reporter-output>
        </test-method> <!-- deleteUsers -->
        <test-method signature="deleteUsers(java.lang.String)[pri:2, instance:api.test.DDTests@359f7cdf]" started-at="2024-08-05T01:00:22 IST" name="deleteUsers" data-provider="UserNames" finished-at="2024-08-05T01:00:23 IST" duration-ms="1118" status="PASS">
          <params>
            <param index="0">
              <value>
                <![CDATA[ram]]>
              </value>
            </param>
          </params>
          <reporter-output>
          </reporter-output>
        </test-method> <!-- deleteUsers -->
        <test-method signature="deleteUsers(java.lang.String)[pri:2, instance:api.test.DDTests@359f7cdf]" started-at="2024-08-05T01:00:23 IST" name="deleteUsers" data-provider="UserNames" finished-at="2024-08-05T01:00:24 IST" duration-ms="1112" status="PASS">
          <params>
            <param index="0">
              <value>
                <![CDATA[surya]]>
              </value>
            </param>
          </params>
          <reporter-output>
          </reporter-output>
        </test-method> <!-- deleteUsers -->
        <test-method signature="deleteUsers(java.lang.String)[pri:2, instance:api.test.DDTests@359f7cdf]" started-at="2024-08-05T01:00:24 IST" name="deleteUsers" data-provider="UserNames" finished-at="2024-08-05T01:00:25 IST" duration-ms="1151" status="PASS">
          <params>
            <param index="0">
              <value>
                <![CDATA[raj]]>
              </value>
            </param>
          </params>
          <reporter-output>
          </reporter-output>
        </test-method> <!-- deleteUsers -->
      </class> <!-- api.test.DDTests -->
    </test> <!-- Test -->
  </suite> <!-- Suite -->
</testng-results>
