<?xml version="1.0" encoding="UTF-8"?>
<testng-results ignored="0" total="18" passed="18" failed="0" skipped="0">
  <reporter-output>
  </reporter-output>
  <suite started-at="2024-08-05T00:44:17 IST" name="Suite" finished-at="2024-08-05T00:44:45 IST" duration-ms="27838">
    <groups>
    </groups>
    <test started-at="2024-08-05T00:44:17 IST" name="Test" finished-at="2024-08-05T00:44:45 IST" duration-ms="27838">
      <class name="api.test.UserTest">
        <test-method is-config="true" signature="setup()[pri:0, instance:api.test.UserTest@661972b0]" started-at="2024-08-05T00:44:17 IST" name="setup" finished-at="2024-08-05T00:44:18 IST" duration-ms="230" status="PASS">
          <reporter-output>
          </reporter-output>
        </test-method> <!-- setup -->
        <test-method signature="createUser()[pri:1, instance:api.test.UserTest@661972b0]" started-at="2024-08-05T00:44:18 IST" name="createUser" finished-at="2024-08-05T00:44:22 IST" duration-ms="3781" status="PASS">
          <reporter-output>
          </reporter-output>
        </test-method> <!-- createUser -->
        <test-method signature="getUser()[pri:2, instance:api.test.UserTest@661972b0]" started-at="2024-08-05T00:44:22 IST" name="getUser" finished-at="2024-08-05T00:44:23 IST" duration-ms="1259" status="PASS">
          <reporter-output>
          </reporter-output>
        </test-method> <!-- getUser -->
        <test-method signature="updateUser()[pri:3, instance:api.test.UserTest@661972b0]" started-at="2024-08-05T00:44:23 IST" name="updateUser" finished-at="2024-08-05T00:44:25 IST" duration-ms="2345" status="PASS">
          <reporter-output>
          </reporter-output>
        </test-method> <!-- updateUser -->
        <test-method signature="deleteUser()[pri:4, instance:api.test.UserTest@661972b0]" started-at="2024-08-05T00:44:25 IST" name="deleteUser" finished-at="2024-08-05T00:44:26 IST" duration-ms="1125" status="PASS">
          <reporter-output>
          </reporter-output>
        </test-method> <!-- deleteUser -->
      </class> <!-- api.test.UserTest -->
      <class name="api.test.UserTest2">
        <test-method is-config="true" signature="setup()[pri:0, instance:api.test.UserTest2@4f18837a]" started-at="2024-08-05T00:44:26 IST" name="setup" finished-at="2024-08-05T00:44:26 IST" duration-ms="108" status="PASS">
          <reporter-output>
          </reporter-output>
        </test-method> <!-- setup -->
        <test-method signature="createUser()[pri:1, instance:api.test.UserTest2@4f18837a]" started-at="2024-08-05T00:44:26 IST" name="createUser" finished-at="2024-08-05T00:44:27 IST" duration-ms="1138" status="PASS">
          <reporter-output>
          </reporter-output>
        </test-method> <!-- createUser -->
        <test-method signature="getUser()[pri:2, instance:api.test.UserTest2@4f18837a]" started-at="2024-08-05T00:44:27 IST" name="getUser" finished-at="2024-08-05T00:44:29 IST" duration-ms="1146" status="PASS">
          <reporter-output>
          </reporter-output>
        </test-method> <!-- getUser -->
        <test-method signature="updateUser()[pri:3, instance:api.test.UserTest2@4f18837a]" started-at="2024-08-05T00:44:29 IST" name="updateUser" finished-at="2024-08-05T00:44:31 IST" duration-ms="2301" status="PASS">
          <reporter-output>
          </reporter-output>
        </test-method> <!-- updateUser -->
        <test-method signature="deleteUser()[pri:4, instance:api.test.UserTest2@4f18837a]" started-at="2024-08-05T00:44:31 IST" name="deleteUser" finished-at="2024-08-05T00:44:32 IST" duration-ms="1088" status="PASS">
          <reporter-output>
          </reporter-output>
        </test-method> <!-- deleteUser -->
      </class> <!-- api.test.UserTest2 -->
      <class name="api.test.DDTests">
        <test-method signature="createUsers(java.lang.String,java.lang.String,java.lang.String,java.lang.String,java.lang.String,java.lang.String,java.lang.String)[pri:1, instance:api.test.DDTests@359f7cdf]" started-at="2024-08-05T00:44:34 IST" name="createUsers" data-provider="Data" finished-at="2024-08-05T00:44:35 IST" duration-ms="1109" status="PASS">
          <params>
            <param index="0">
              <value>
                <![CDATA[111]]>
              </value>
            </param>
            <param index="1">
              <value>
                <![CDATA[siva]]>
              </value>
            </param>
            <param index="2">
              <value>
                <![CDATA[siva]]>
              </value>
            </param>
            <param index="3">
              <value>
                <![CDATA[siva]]>
              </value>
            </param>
            <param index="4">
              <value>
                <![CDATA[siva@gmail.com]]>
              </value>
            </param>
            <param index="5">
              <value>
                <![CDATA[123]]>
              </value>
            </param>
            <param index="6">
              <value>
                <![CDATA[12345]]>
              </value>
            </param>
          </params>
          <reporter-output>
          </reporter-output>
        </test-method> <!-- createUsers -->
        <test-method signature="createUsers(java.lang.String,java.lang.String,java.lang.String,java.lang.String,java.lang.String,java.lang.String,java.lang.String)[pri:1, instance:api.test.DDTests@359f7cdf]" started-at="2024-08-05T00:44:35 IST" name="createUsers" data-provider="Data" finished-at="2024-08-05T00:44:36 IST" duration-ms="1126" status="PASS">
          <params>
            <param index="0">
              <value>
                <![CDATA[222]]>
              </value>
            </param>
            <param index="1">
              <value>
                <![CDATA[krishna]]>
              </value>
            </param>
            <param index="2">
              <value>
                <![CDATA[krishna]]>
              </value>
            </param>
            <param index="3">
              <value>
                <![CDATA[krishna]]>
              </value>
            </param>
            <param index="4">
              <value>
                <![CDATA[krishna@gmail.com]]>
              </value>
            </param>
            <param index="5">
              <value>
                <![CDATA[123]]>
              </value>
            </param>
            <param index="6">
              <value>
                <![CDATA[12345]]>
              </value>
            </param>
          </params>
          <reporter-output>
          </reporter-output>
        </test-method> <!-- createUsers -->
        <test-method signature="createUsers(java.lang.String,java.lang.String,java.lang.String,java.lang.String,java.lang.String,java.lang.String,java.lang.String)[pri:1, instance:api.test.DDTests@359f7cdf]" started-at="2024-08-05T00:44:36 IST" name="createUsers" data-provider="Data" finished-at="2024-08-05T00:44:37 IST" duration-ms="1081" status="PASS">
          <params>
            <param index="0">
              <value>
                <![CDATA[333]]>
              </value>
            </param>
            <param index="1">
              <value>
                <![CDATA[ram]]>
              </value>
            </param>
            <param index="2">
              <value>
                <![CDATA[ram]]>
              </value>
            </param>
            <param index="3">
              <value>
                <![CDATA[ram]]>
              </value>
            </param>
            <param index="4">
              <value>
                <![CDATA[ram@gmail.com]]>
              </value>
            </param>
            <param index="5">
              <value>
                <![CDATA[123]]>
              </value>
            </param>
            <param index="6">
              <value>
                <![CDATA[12345]]>
              </value>
            </param>
          </params>
          <reporter-output>
          </reporter-output>
        </test-method> <!-- createUsers -->
        <test-method signature="createUsers(java.lang.String,java.lang.String,java.lang.String,java.lang.String,java.lang.String,java.lang.String,java.lang.String)[pri:1, instance:api.test.DDTests@359f7cdf]" started-at="2024-08-05T00:44:37 IST" name="createUsers" data-provider="Data" finished-at="2024-08-05T00:44:38 IST" duration-ms="1177" status="PASS">
          <params>
            <param index="0">
              <value>
                <![CDATA[444]]>
              </value>
            </param>
            <param index="1">
              <value>
                <![CDATA[surya]]>
              </value>
            </param>
            <param index="2">
              <value>
                <![CDATA[surya]]>
              </value>
            </param>
            <param index="3">
              <value>
                <![CDATA[surya]]>
              </value>
            </param>
            <param index="4">
              <value>
                <![CDATA[surya@gmail.com]]>
              </value>
            </param>
            <param index="5">
              <value>
                <![CDATA[123]]>
              </value>
            </param>
            <param index="6">
              <value>
                <![CDATA[12345]]>
              </value>
            </param>
          </params>
          <reporter-output>
          </reporter-output>
        </test-method> <!-- createUsers -->
        <test-method signature="createUsers(java.lang.String,java.lang.String,java.lang.String,java.lang.String,java.lang.String,java.lang.String,java.lang.String)[pri:1, instance:api.test.DDTests@359f7cdf]" started-at="2024-08-05T00:44:38 IST" name="createUsers" data-provider="Data" finished-at="2024-08-05T00:44:39 IST" duration-ms="1170" status="PASS">
          <params>
            <param index="0">
              <value>
                <![CDATA[555]]>
              </value>
            </param>
            <param index="1">
              <value>
                <![CDATA[raj]]>
              </value>
            </param>
            <param index="2">
              <value>
                <![CDATA[raj]]>
              </value>
            </param>
            <param index="3">
              <value>
                <![CDATA[raj]]>
              </value>
            </param>
            <param index="4">
              <value>
                <![CDATA[raj@gmail.com]]>
              </value>
            </param>
            <param index="5">
              <value>
                <![CDATA[123]]>
              </value>
            </param>
            <param index="6">
              <value>
                <![CDATA[12345]]>
              </value>
            </param>
          </params>
          <reporter-output>
          </reporter-output>
        </test-method> <!-- createUsers -->
        <test-method signature="deleteUsers(java.lang.String)[pri:2, instance:api.test.DDTests@359f7cdf]" started-at="2024-08-05T00:44:39 IST" name="deleteUsers" data-provider="UserNames" finished-at="2024-08-05T00:44:41 IST" duration-ms="1150" status="PASS">
          <params>
            <param index="0">
              <value>
                <![CDATA[siva]]>
              </value>
            </param>
          </params>
          <reporter-output>
          </reporter-output>
        </test-method> <!-- deleteUsers -->
        <test-method signature="deleteUsers(java.lang.String)[pri:2, instance:api.test.DDTests@359f7cdf]" started-at="2024-08-05T00:44:41 IST" name="deleteUsers" data-provider="UserNames" finished-at="2024-08-05T00:44:42 IST" duration-ms="1147" status="PASS">
          <params>
            <param index="0">
              <value>
                <![CDATA[krishna]]>
              </value>
            </param>
          </params>
          <reporter-output>
          </reporter-output>
        </test-method> <!-- deleteUsers -->
        <test-method signature="deleteUsers(java.lang.String)[pri:2, instance:api.test.DDTests@359f7cdf]" started-at="2024-08-05T00:44:42 IST" name="deleteUsers" data-provider="UserNames" finished-at="2024-08-05T00:44:43 IST" duration-ms="1130" status="PASS">
          <params>
            <param index="0">
              <value>
                <![CDATA[ram]]>
              </value>
            </param>
          </params>
          <reporter-output>
          </reporter-output>
        </test-method> <!-- deleteUsers -->
        <test-method signature="deleteUsers(java.lang.String)[pri:2, instance:api.test.DDTests@359f7cdf]" started-at="2024-08-05T00:44:43 IST" name="deleteUsers" data-provider="UserNames" finished-at="2024-08-05T00:44:44 IST" duration-ms="1122" status="PASS">
          <params>
            <param index="0">
              <value>
                <![CDATA[surya]]>
              </value>
            </param>
          </params>
          <reporter-output>
          </reporter-output>
        </test-method> <!-- deleteUsers -->
        <test-method signature="deleteUsers(java.lang.String)[pri:2, instance:api.test.DDTests@359f7cdf]" started-at="2024-08-05T00:44:44 IST" name="deleteUsers" data-provider="UserNames" finished-at="2024-08-05T00:44:45 IST" duration-ms="1109" status="PASS">
          <params>
            <param index="0">
              <value>
                <![CDATA[raj]]>
              </value>
            </param>
          </params>
          <reporter-output>
          </reporter-output>
        </test-method> <!-- deleteUsers -->
      </class> <!-- api.test.DDTests -->
    </test> <!-- Test -->
  </suite> <!-- Suite -->
</testng-results>
