<?xml version="1.0" encoding="UTF-8"?>
<testng-results ignored="0" total="18" passed="18" failed="0" skipped="0">
  <reporter-output>
  </reporter-output>
  <suite started-at="2024-08-05T00:18:23 IST" name="Suite" finished-at="2024-08-05T00:18:59 IST" duration-ms="36119">
    <groups>
    </groups>
    <test started-at="2024-08-05T00:18:23 IST" name="Test" finished-at="2024-08-05T00:18:59 IST" duration-ms="36119">
      <class name="api.test.UserTest">
        <test-method is-config="true" signature="setup()[pri:0, instance:api.test.UserTest@51399530]" started-at="2024-08-05T00:18:23 IST" name="setup" finished-at="2024-08-05T00:18:24 IST" duration-ms="279" status="PASS">
          <reporter-output>
          </reporter-output>
        </test-method> <!-- setup -->
        <test-method signature="createUser()[pri:1, instance:api.test.UserTest@51399530]" started-at="2024-08-05T00:18:24 IST" name="createUser" finished-at="2024-08-05T00:18:28 IST" duration-ms="4442" status="PASS">
          <reporter-output>
          </reporter-output>
        </test-method> <!-- createUser -->
        <test-method signature="getUser()[pri:2, instance:api.test.UserTest@51399530]" started-at="2024-08-05T00:18:28 IST" name="getUser" finished-at="2024-08-05T00:18:30 IST" duration-ms="1596" status="PASS">
          <reporter-output>
          </reporter-output>
        </test-method> <!-- getUser -->
        <test-method signature="updateUser()[pri:3, instance:api.test.UserTest@51399530]" started-at="2024-08-05T00:18:30 IST" name="updateUser" finished-at="2024-08-05T00:18:33 IST" duration-ms="2989" status="PASS">
          <reporter-output>
          </reporter-output>
        </test-method> <!-- updateUser -->
        <test-method signature="deleteUser()[pri:4, instance:api.test.UserTest@51399530]" started-at="2024-08-05T00:18:33 IST" name="deleteUser" finished-at="2024-08-05T00:18:34 IST" duration-ms="1426" status="PASS">
          <reporter-output>
          </reporter-output>
        </test-method> <!-- deleteUser -->
      </class> <!-- api.test.UserTest -->
      <class name="api.test.UserTest2">
        <test-method is-config="true" signature="setup()[pri:0, instance:api.test.UserTest2@5bf0d49]" started-at="2024-08-05T00:18:34 IST" name="setup" finished-at="2024-08-05T00:18:34 IST" duration-ms="141" status="PASS">
          <reporter-output>
          </reporter-output>
        </test-method> <!-- setup -->
        <test-method signature="createUser()[pri:1, instance:api.test.UserTest2@5bf0d49]" started-at="2024-08-05T00:18:34 IST" name="createUser" finished-at="2024-08-05T00:18:36 IST" duration-ms="1586" status="PASS">
          <reporter-output>
          </reporter-output>
        </test-method> <!-- createUser -->
        <test-method signature="getUser()[pri:2, instance:api.test.UserTest2@5bf0d49]" started-at="2024-08-05T00:18:36 IST" name="getUser" finished-at="2024-08-05T00:18:38 IST" duration-ms="1632" status="PASS">
          <reporter-output>
          </reporter-output>
        </test-method> <!-- getUser -->
        <test-method signature="updateUser()[pri:3, instance:api.test.UserTest2@5bf0d49]" started-at="2024-08-05T00:18:38 IST" name="updateUser" finished-at="2024-08-05T00:18:41 IST" duration-ms="2961" status="PASS">
          <reporter-output>
          </reporter-output>
        </test-method> <!-- updateUser -->
        <test-method signature="deleteUser()[pri:4, instance:api.test.UserTest2@5bf0d49]" started-at="2024-08-05T00:18:41 IST" name="deleteUser" finished-at="2024-08-05T00:18:42 IST" duration-ms="1531" status="PASS">
          <reporter-output>
          </reporter-output>
        </test-method> <!-- deleteUser -->
      </class> <!-- api.test.UserTest2 -->
      <class name="api.test.DDTests">
        <test-method signature="createUsers(java.lang.String,java.lang.String,java.lang.String,java.lang.String,java.lang.String,java.lang.String,java.lang.String)[pri:1, instance:api.test.DDTests@5b7a5baa]" started-at="2024-08-05T00:18:44 IST" name="createUsers" data-provider="Data" finished-at="2024-08-05T00:18:45 IST" duration-ms="1462" status="PASS">
          <params>
            <param index="0">
              <value>
                <![CDATA[111]]>
              </value>
            </param>
            <param index="1">
              <value>
                <![CDATA[siva]]>
              </value>
            </param>
            <param index="2">
              <value>
                <![CDATA[siva]]>
              </value>
            </param>
            <param index="3">
              <value>
                <![CDATA[siva]]>
              </value>
            </param>
            <param index="4">
              <value>
                <![CDATA[siva@gmail.com]]>
              </value>
            </param>
            <param index="5">
              <value>
                <![CDATA[123]]>
              </value>
            </param>
            <param index="6">
              <value>
                <![CDATA[12345]]>
              </value>
            </param>
          </params>
          <reporter-output>
          </reporter-output>
        </test-method> <!-- createUsers -->
        <test-method signature="createUsers(java.lang.String,java.lang.String,java.lang.String,java.lang.String,java.lang.String,java.lang.String,java.lang.String)[pri:1, instance:api.test.DDTests@5b7a5baa]" started-at="2024-08-05T00:18:45 IST" name="createUsers" data-provider="Data" finished-at="2024-08-05T00:18:47 IST" duration-ms="1529" status="PASS">
          <params>
            <param index="0">
              <value>
                <![CDATA[222]]>
              </value>
            </param>
            <param index="1">
              <value>
                <![CDATA[krishna]]>
              </value>
            </param>
            <param index="2">
              <value>
                <![CDATA[krishna]]>
              </value>
            </param>
            <param index="3">
              <value>
                <![CDATA[krishna]]>
              </value>
            </param>
            <param index="4">
              <value>
                <![CDATA[krishna@gmail.com]]>
              </value>
            </param>
            <param index="5">
              <value>
                <![CDATA[123]]>
              </value>
            </param>
            <param index="6">
              <value>
                <![CDATA[12345]]>
              </value>
            </param>
          </params>
          <reporter-output>
          </reporter-output>
        </test-method> <!-- createUsers -->
        <test-method signature="createUsers(java.lang.String,java.lang.String,java.lang.String,java.lang.String,java.lang.String,java.lang.String,java.lang.String)[pri:1, instance:api.test.DDTests@5b7a5baa]" started-at="2024-08-05T00:18:47 IST" name="createUsers" data-provider="Data" finished-at="2024-08-05T00:18:48 IST" duration-ms="1533" status="PASS">
          <params>
            <param index="0">
              <value>
                <![CDATA[333]]>
              </value>
            </param>
            <param index="1">
              <value>
                <![CDATA[ram]]>
              </value>
            </param>
            <param index="2">
              <value>
                <![CDATA[ram]]>
              </value>
            </param>
            <param index="3">
              <value>
                <![CDATA[ram]]>
              </value>
            </param>
            <param index="4">
              <value>
                <![CDATA[ram@gmail.com]]>
              </value>
            </param>
            <param index="5">
              <value>
                <![CDATA[123]]>
              </value>
            </param>
            <param index="6">
              <value>
                <![CDATA[12345]]>
              </value>
            </param>
          </params>
          <reporter-output>
          </reporter-output>
        </test-method> <!-- createUsers -->
        <test-method signature="createUsers(java.lang.String,java.lang.String,java.lang.String,java.lang.String,java.lang.String,java.lang.String,java.lang.String)[pri:1, instance:api.test.DDTests@5b7a5baa]" started-at="2024-08-05T00:18:48 IST" name="createUsers" data-provider="Data" finished-at="2024-08-05T00:18:50 IST" duration-ms="1531" status="PASS">
          <params>
            <param index="0">
              <value>
                <![CDATA[444]]>
              </value>
            </param>
            <param index="1">
              <value>
                <![CDATA[surya]]>
              </value>
            </param>
            <param index="2">
              <value>
                <![CDATA[surya]]>
              </value>
            </param>
            <param index="3">
              <value>
                <![CDATA[surya]]>
              </value>
            </param>
            <param index="4">
              <value>
                <![CDATA[surya@gmail.com]]>
              </value>
            </param>
            <param index="5">
              <value>
                <![CDATA[123]]>
              </value>
            </param>
            <param index="6">
              <value>
                <![CDATA[12345]]>
              </value>
            </param>
          </params>
          <reporter-output>
          </reporter-output>
        </test-method> <!-- createUsers -->
        <test-method signature="createUsers(java.lang.String,java.lang.String,java.lang.String,java.lang.String,java.lang.String,java.lang.String,java.lang.String)[pri:1, instance:api.test.DDTests@5b7a5baa]" started-at="2024-08-05T00:18:50 IST" name="createUsers" data-provider="Data" finished-at="2024-08-05T00:18:51 IST" duration-ms="1531" status="PASS">
          <params>
            <param index="0">
              <value>
                <![CDATA[555]]>
              </value>
            </param>
            <param index="1">
              <value>
                <![CDATA[raj]]>
              </value>
            </param>
            <param index="2">
              <value>
                <![CDATA[raj]]>
              </value>
            </param>
            <param index="3">
              <value>
                <![CDATA[raj]]>
              </value>
            </param>
            <param index="4">
              <value>
                <![CDATA[raj@gmail.com]]>
              </value>
            </param>
            <param index="5">
              <value>
                <![CDATA[123]]>
              </value>
            </param>
            <param index="6">
              <value>
                <![CDATA[12345]]>
              </value>
            </param>
          </params>
          <reporter-output>
          </reporter-output>
        </test-method> <!-- createUsers -->
        <test-method signature="deleteUsers(java.lang.String)[pri:2, instance:api.test.DDTests@5b7a5baa]" started-at="2024-08-05T00:18:52 IST" name="deleteUsers" data-provider="UserNames" finished-at="2024-08-05T00:18:53 IST" duration-ms="1509" status="PASS">
          <params>
            <param index="0">
              <value>
                <![CDATA[siva]]>
              </value>
            </param>
          </params>
          <reporter-output>
          </reporter-output>
        </test-method> <!-- deleteUsers -->
        <test-method signature="deleteUsers(java.lang.String)[pri:2, instance:api.test.DDTests@5b7a5baa]" started-at="2024-08-05T00:18:53 IST" name="deleteUsers" data-provider="UserNames" finished-at="2024-08-05T00:18:55 IST" duration-ms="1532" status="PASS">
          <params>
            <param index="0">
              <value>
                <![CDATA[krishna]]>
              </value>
            </param>
          </params>
          <reporter-output>
          </reporter-output>
        </test-method> <!-- deleteUsers -->
        <test-method signature="deleteUsers(java.lang.String)[pri:2, instance:api.test.DDTests@5b7a5baa]" started-at="2024-08-05T00:18:55 IST" name="deleteUsers" data-provider="UserNames" finished-at="2024-08-05T00:18:56 IST" duration-ms="1528" status="PASS">
          <params>
            <param index="0">
              <value>
                <![CDATA[ram]]>
              </value>
            </param>
          </params>
          <reporter-output>
          </reporter-output>
        </test-method> <!-- deleteUsers -->
        <test-method signature="deleteUsers(java.lang.String)[pri:2, instance:api.test.DDTests@5b7a5baa]" started-at="2024-08-05T00:18:56 IST" name="deleteUsers" data-provider="UserNames" finished-at="2024-08-05T00:18:58 IST" duration-ms="1539" status="PASS">
          <params>
            <param index="0">
              <value>
                <![CDATA[surya]]>
              </value>
            </param>
          </params>
          <reporter-output>
          </reporter-output>
        </test-method> <!-- deleteUsers -->
        <test-method signature="deleteUsers(java.lang.String)[pri:2, instance:api.test.DDTests@5b7a5baa]" started-at="2024-08-05T00:18:58 IST" name="deleteUsers" data-provider="UserNames" finished-at="2024-08-05T00:18:59 IST" duration-ms="1427" status="PASS">
          <params>
            <param index="0">
              <value>
                <![CDATA[raj]]>
              </value>
            </param>
          </params>
          <reporter-output>
          </reporter-output>
        </test-method> <!-- deleteUsers -->
      </class> <!-- api.test.DDTests -->
    </test> <!-- Test -->
  </suite> <!-- Suite -->
</testng-results>
